[debug] [2021-10-29T10:10:49.353Z] ----------------------------------------------------------------------
[debug] [2021-10-29T10:10:49.359Z] Command:       C:\Program Files\nodejs\node.exe C:\Users\admin\AppData\Roaming\npm\node_modules\firebase-tools\lib\bin\firebase.js init
[debug] [2021-10-29T10:10:49.360Z] CLI Version:   9.20.0
[debug] [2021-10-29T10:10:49.361Z] Platform:      win32
[debug] [2021-10-29T10:10:49.361Z] Node Version:  v14.15.1
[debug] [2021-10-29T10:10:49.363Z] Time:          Fri Oct 29 2021 16:10:49 GMT+0600 (Bangladesh Standard Time)
[debug] [2021-10-29T10:10:49.364Z] ----------------------------------------------------------------------
[debug] 
[debug] [2021-10-29T10:10:49.370Z] >>> [apiv2][query] GET https://firebase-public.firebaseio.com/cli.json [none]
[debug] [2021-10-29T10:10:49.441Z] > command requires scopes: ["email","openid","https://www.googleapis.com/auth/cloudplatformprojects.readonly","https://www.googleapis.com/auth/firebase","https://www.googleapis.com/auth/cloud-platform"]
[debug] [2021-10-29T10:10:49.442Z] > authorizing via signed-in user (mdashikpradhan75@gmail.com)
[info] 
     ######## #### ########  ######## ########     ###     ######  ########
     ##        ##  ##     ## ##       ##     ##  ##   ##  ##       ##
     ######    ##  ########  ######   ########  #########  ######  ######
     ##        ##  ##    ##  ##       ##     ## ##     ##       ## ##
     ##       #### ##     ## ######## ########  ##     ##  ######  ########

You're about to initialize a Firebase project in this directory:

  F:\Batch-4\Assignment\Assignment-11\assignment-11-client-site

[debug] [2021-10-29T10:10:56.557Z] <<< [apiv2][status] GET https://firebase-public.firebaseio.com/cli.json 200
[debug] [2021-10-29T10:10:56.557Z] <<< [apiv2][body] GET https://firebase-public.firebaseio.com/cli.json {"cloudBuildErrorAfter":1594252800000,"cloudBuildWarnAfter":1590019200000,"defaultNode10After":1594252800000,"minVersion":"3.0.5","node8DeploysDisabledAfter":1613390400000,"node8RuntimeDisabledAfter":1615809600000,"node8WarnAfter":1600128000000}
